TN:
SF:src/prisma.ts
FNF:0
FNH:0
DA:1,1
DA:2,1
DA:3,1
DA:4,1
DA:5,1
LF:5
LH:5
BRF:0
BRH:0
end_of_record
TN:
SF:src/routes.ts
FNF:0
FNH:0
DA:1,1
DA:2,1
DA:3,1
DA:4,1
DA:5,1
DA:6,1
DA:7,1
DA:8,1
DA:9,1
DA:10,1
DA:11,1
DA:12,1
DA:13,1
DA:14,1
DA:15,1
DA:16,1
DA:17,1
LF:17
LH:17
BRF:0
BRH:0
end_of_record
TN:
SF:src/server.ts
FNF:0
FNH:0
DA:1,1
DA:2,1
DA:3,1
DA:4,1
DA:5,1
DA:6,1
DA:7,1
DA:8,1
DA:9,1
DA:10,1
LF:10
LH:10
BRF:0
BRH:0
end_of_record
TN:
SF:src/controllers/articleController.ts
FN:5,createArticle
FN:20,listArticles
FN:32,findArticlesWithId
FNF:3
FNH:3
FNDA:1,createArticle
FNDA:1,listArticles
FNDA:1,findArticlesWithId
DA:1,1
DA:2,1
DA:3,1
DA:4,1
DA:5,1
DA:6,1
DA:7,1
DA:8,1
DA:9,1
DA:10,1
DA:11,1
DA:12,1
DA:13,1
DA:14,0
DA:15,0
DA:16,0
DA:17,0
DA:18,1
DA:19,1
DA:20,1
DA:21,1
DA:22,1
DA:23,1
DA:24,1
DA:25,1
DA:26,0
DA:27,0
DA:28,0
DA:29,0
DA:30,1
DA:31,1
DA:32,1
DA:33,1
DA:34,1
DA:35,1
DA:36,1
DA:37,1
DA:38,1
DA:39,1
DA:40,0
DA:41,0
DA:42,0
DA:43,0
DA:44,1
DA:45,1
LF:45
LH:33
BRDA:5,0,0,1
BRDA:5,1,0,1
BRDA:13,2,0,0
BRDA:20,3,0,1
BRDA:20,4,0,1
BRDA:25,5,0,0
BRDA:32,6,0,1
BRDA:32,7,0,1
BRDA:39,8,0,0
BRF:9
BRH:6
end_of_record
TN:
SF:src/controllers/authController.ts
FN:7,register
FN:28,login
FNF:2
FNH:2
FNDA:1,register
FNDA:1,login
DA:1,1
DA:2,1
DA:3,1
DA:4,1
DA:5,1
DA:6,1
DA:7,1
DA:8,1
DA:9,1
DA:10,1
DA:11,1
DA:12,1
DA:13,1
DA:14,0
DA:15,0
DA:16,1
DA:17,1
DA:18,1
DA:19,1
DA:20,1
DA:21,1
DA:22,0
DA:23,0
DA:24,0
DA:25,0
DA:26,1
DA:27,1
DA:28,1
DA:29,1
DA:30,1
DA:31,1
DA:32,1
DA:33,1
DA:34,1
DA:35,1
DA:36,1
DA:37,1
DA:38,1
DA:39,1
DA:40,1
DA:41,1
DA:42,1
DA:43,1
DA:44,1
DA:45,0
DA:46,0
DA:47,0
DA:48,0
DA:49,1
DA:50,1
LF:50
LH:40
BRDA:7,0,0,1
BRDA:7,1,0,1
BRDA:13,2,0,0
BRDA:21,3,0,0
BRDA:28,4,0,1
BRDA:28,5,0,1
BRDA:34,6,0,0
BRDA:38,7,0,0
BRDA:44,8,0,0
BRF:9
BRH:4
end_of_record
TN:
SF:src/middlewares/auth.ts
FN:6,ensureAuth
FNF:1
FNH:1
FNDA:3,ensureAuth
DA:1,1
DA:2,1
DA:3,1
DA:4,1
DA:5,1
DA:6,3
DA:7,3
DA:8,3
DA:9,3
DA:10,0
DA:11,0
DA:12,3
DA:13,3
DA:14,3
DA:15,3
DA:16,3
DA:17,0
DA:18,0
DA:19,0
DA:20,0
DA:21,3
DA:22,3
DA:23,3
DA:24,3
DA:25,3
DA:26,3
DA:27,3
LF:27
LH:21
BRDA:6,0,0,3
BRDA:9,1,0,0
BRDA:15,2,0,3
BRDA:15,3,0,3
BRDA:16,4,0,0
BRF:5
BRH:3
end_of_record
TN:
SF:src/services/articleService.ts
FN:4,createArticle
FN:15,listArticles
FN:21,findArticles
FNF:3
FNH:3
FNDA:1,createArticle
FNDA:1,listArticles
FNDA:1,findArticles
DA:1,1
DA:2,1
DA:3,1
DA:4,1
DA:5,1
DA:6,1
DA:7,1
DA:8,1
DA:9,1
DA:10,1
DA:11,1
DA:12,1
DA:13,1
DA:14,1
DA:15,1
DA:16,1
DA:17,1
DA:18,1
DA:19,1
DA:20,1
DA:21,1
DA:22,1
DA:23,1
DA:24,1
DA:25,1
DA:26,1
DA:27,1
DA:28,1
DA:29,1
DA:30,1
LF:30
LH:30
BRDA:4,0,0,1
BRDA:4,1,0,1
BRDA:15,2,0,1
BRDA:15,3,0,1
BRDA:21,4,0,1
BRDA:21,5,0,1
BRF:6
BRH:6
end_of_record
TN:
SF:src/services/jwtService.ts
FN:7,signToken
FN:16,verifyToken
FNF:2
FNH:2
FNDA:1,signToken
FNDA:3,verifyToken
DA:1,1
DA:2,1
DA:3,1
DA:4,1
DA:5,1
DA:6,1
DA:7,1
DA:8,1
DA:9,1
DA:10,1
DA:11,1
DA:12,1
DA:13,1
DA:14,1
DA:15,1
DA:16,1
DA:17,3
DA:18,3
DA:19,1
LF:19
LH:19
BRDA:7,0,0,1
BRDA:16,1,0,3
BRF:2
BRH:2
end_of_record
TN:
SF:src/services/userService.ts
FN:5,createUser
FN:18,findByEmail
FNF:2
FNH:2
FNDA:1,createUser
FNDA:5,findByEmail
DA:1,1
DA:2,1
DA:3,1
DA:4,1
DA:5,1
DA:6,1
DA:7,1
DA:8,1
DA:9,1
DA:10,1
DA:11,1
DA:12,1
DA:13,1
DA:14,1
DA:15,1
DA:16,1
DA:17,1
DA:18,1
DA:19,5
DA:20,5
DA:21,5
DA:22,5
DA:23,5
DA:24,5
DA:25,5
DA:26,5
DA:27,1
LF:27
LH:27
BRDA:5,0,0,1
BRDA:5,1,0,1
BRDA:18,2,0,5
BRDA:18,3,0,5
BRF:4
BRH:4
end_of_record
